<?xml version="1.0" encoding="UTF-8" ?>
<testsuite tests="2" failures="0" name="webdriverMaven.LoginTest" time="4.688" errors="0" skipped="1">
  <properties>
[...]
</properties>
  <testcase classname="webdriverMaven.LoginTest" name="assertEquals" time="4.523">
    <skipped/>
    <system-out>Configuring TestNG with: org.apache.maven.surefire.testng.conf.TestNG652Configurator@75a1cd57
</system-out>
    <system-err>Starting ChromeDriver 2.29.461591 (62ebf098771772160f391d75e589dc567915b233) on port 47501
Only local connections are allowed.
</system-err>
  </testcase>
  <testcase classname="webdriverMaven.LoginTest" name="searchGoogle" time="0.165"/>
</testsuite>