<?xml version="1.0" encoding="UTF-8"?>
<testng-results skipped="0" failed="1" total="2" passed="1">
  <reporter-output>
  </reporter-output>
  <suite name="Default suite" duration-ms="3961" started-at="2017-11-19T16:40:34Z" finished-at="2017-11-19T16:40:37Z">
    <groups>
    </groups>
    <test name="Default test" duration-ms="3961" started-at="2017-11-19T16:40:34Z" finished-at="2017-11-19T16:40:37Z">
      <class name="webdriverMaven.LoginTest">
        <test-method status="PASS" signature="setUp()[pri:0, instance:webdriverMaven.LoginTest@3a82f6ef]" name="setUp" is-config="true" duration-ms="3772" started-at="2017-11-19T11:40:34Z" finished-at="2017-11-19T11:40:37Z">
          <reporter-output>
          </reporter-output>
        </test-method> <!-- setUp -->
        <test-method status="FAIL" signature="assertEquals(java.lang.String, org.openqa.selenium.WebElement)[pri:0, instance:webdriverMaven.LoginTest@3a82f6ef]" name="assertEquals" duration-ms="0" started-at="2017-11-19T11:40:37Z" finished-at="2017-11-19T11:40:37Z">
          <exception class="org.testng.TestNGException">
            <message>
              <![CDATA[
Method assertEquals requires 2 parameters but 0 were supplied in the @Test annotation.]]>
            </message>
            <full-stacktrace>
              <![CDATA[org.testng.TestNGException: 
Method assertEquals requires 2 parameters but 0 were supplied in the @Test annotation.
	at org.testng.internal.Parameters.checkParameterTypes(Parameters.java:198)
	at org.testng.internal.Parameters.createParameters(Parameters.java:134)
	at org.testng.internal.Parameters.createParameters(Parameters.java:370)
	at org.testng.internal.Parameters.handleParameters(Parameters.java:447)
	at org.testng.internal.Invoker.handleParameters(Invoker.java:1383)
	at org.testng.internal.Invoker.createParameters(Invoker.java:1075)
	at org.testng.internal.Invoker.invokeTestMethods(Invoker.java:1180)
	at org.testng.internal.TestMethodWorker.invokeTestMethods(TestMethodWorker.java:127)
	at org.testng.internal.TestMethodWorker.run(TestMethodWorker.java:111)
	at org.testng.TestRunner.privateRun(TestRunner.java:767)
	at org.testng.TestRunner.run(TestRunner.java:617)
	at org.testng.SuiteRunner.runTest(SuiteRunner.java:334)
	at org.testng.SuiteRunner.runSequentially(SuiteRunner.java:329)
	at org.testng.SuiteRunner.privateRun(SuiteRunner.java:291)
	at org.testng.SuiteRunner.run(SuiteRunner.java:240)
	at org.testng.SuiteRunnerWorker.runSuite(SuiteRunnerWorker.java:52)
	at org.testng.SuiteRunnerWorker.run(SuiteRunnerWorker.java:86)
	at org.testng.TestNG.runSuitesSequentially(TestNG.java:1198)
	at org.testng.TestNG.runSuitesLocally(TestNG.java:1123)
	at org.testng.TestNG.run(TestNG.java:1031)
	at org.testng.remote.AbstractRemoteTestNG.run(AbstractRemoteTestNG.java:114)
	at org.testng.remote.RemoteTestNG.initAndRun(RemoteTestNG.java:251)
	at org.testng.remote.RemoteTestNG.main(RemoteTestNG.java:77)
]]>
            </full-stacktrace>
          </exception> <!-- org.testng.TestNGException -->
          <reporter-output>
          </reporter-output>
        </test-method> <!-- assertEquals -->
        <test-method status="PASS" signature="searchGoogle()[pri:0, instance:webdriverMaven.LoginTest@3a82f6ef]" name="searchGoogle" duration-ms="148" started-at="2017-11-19T11:40:37Z" finished-at="2017-11-19T11:40:37Z">
          <reporter-output>
          </reporter-output>
        </test-method> <!-- searchGoogle -->
        <test-method status="PASS" signature="tearDown()[pri:0, instance:webdriverMaven.LoginTest@3a82f6ef]" name="tearDown" is-config="true" duration-ms="955" started-at="2017-11-19T11:40:38Z" finished-at="2017-11-19T11:40:38Z">
          <reporter-output>
          </reporter-output>
        </test-method> <!-- tearDown -->
      </class> <!-- webdriverMaven.LoginTest -->
    </test> <!-- Default test -->
  </suite> <!-- Default suite -->
</testng-results>
