<?xml version="1.0" encoding="UTF-8"?>
<!-- Generated by org.testng.reporters.JUnitXMLReporter -->
<testsuite hostname="LAPTOP-VESR0I4T" name="Command line test" tests="2" failures="0" timestamp="19 Nov 2017 16:29:56 GMT" time="4.372" errors="0">
  <testcase name="assertEquals" time="0.003" classname="webdriverMaven.LoginTest">
    <skipped/>
  </testcase> <!-- assertEquals -->
  <testcase name="searchGoogle" time="0.167" classname="webdriverMaven.LoginTest"/>
</testsuite> <!-- Command line test -->
